<?xml version="1.0" encoding="UTF-8"?>
<testng-results ignored="0" total="1" passed="1" failed="0" skipped="0">
  <reporter-output>
  </reporter-output>
  <suite started-at="2023-01-13T11:09:46 IST" name="Default suite" finished-at="2023-01-13T11:10:47 IST" duration-ms="60865">
    <groups>
    </groups>
    <test started-at="2023-01-13T11:09:46 IST" name="Default test" finished-at="2023-01-13T11:10:47 IST" duration-ms="60865">
      <class name="shivamani.Appium.MobileBrowserTest">
        <test-method is-config="true" signature="configureAppium()[pri:0, instance:shivamani.Appium.MobileBrowserTest@1e0b4072]" started-at="2023-01-13T11:09:46 IST" name="configureAppium" finished-at="2023-01-13T11:10:10 IST" duration-ms="23869" status="PASS">
          <reporter-output>
          </reporter-output>
        </test-method> <!-- configureAppium -->
        <test-method signature="browserTesting()[pri:0, instance:shivamani.Appium.MobileBrowserTest@1e0b4072]" started-at="2023-01-13T11:10:10 IST" name="browserTesting" finished-at="2023-01-13T11:10:46 IST" duration-ms="36079" status="PASS">
          <reporter-output>
          </reporter-output>
        </test-method> <!-- browserTesting -->
        <test-method is-config="true" signature="tearDown()[pri:0, instance:shivamani.Appium.MobileBrowserTest@1e0b4072]" started-at="2023-01-13T11:10:46 IST" name="tearDown" finished-at="2023-01-13T11:10:47 IST" duration-ms="845" status="PASS">
          <reporter-output>
          </reporter-output>
        </test-method> <!-- tearDown -->
      </class> <!-- shivamani.Appium.MobileBrowserTest -->
    </test> <!-- Default test -->
  </suite> <!-- Default suite -->
</testng-results>
