<?xml version="1.0" encoding="UTF-8"?>
<!-- Generated by org.testng.reporters.JUnitXMLReporter -->
<testsuite hostname="DESKTOP-RJOUL1P" ignored="0" name="Test" tests="1" failures="1" timestamp="2023-01-21T10:42:13 IST" time="33.779" errors="0">
  <testcase name="loginPage" time="20.103" classname="org.AppiumPOMFramework.Page1">
    <failure type="java.lang.AssertionError" message="expected [2] but found [280.97]">
      <![CDATA[java.lang.AssertionError: expected [2] but found [280.97]
at org.AppiumPOMFramework.Page1.loginPage(Page1.java:41)
at java.util.ArrayList.forEach(ArrayList.java:1257)
... Removed 32 stack frames]]>
    </failure>
  </testcase> <!-- loginPage -->
</testsuite> <!-- Test -->
